<?xml version="1.0" encoding="UTF-8"?>
<!-- Generated by org.testng.reporters.JUnitReportReporter -->
<testsuite hostname="LAPTOP-HASS2IL3" failures="0" tests="1" name="com.demoPractise.TestCases.LoginTest" time="13.648" errors="0" timestamp="2022-03-17T23:50:42 IST" skipped="0">
  <testcase classname="com.demoPractise.TestCases.LoginTest" name="logintest_TC01" time="13.648"/>
  <system-out/>
</testsuite> <!-- com.demoPractise.TestCases.LoginTest -->
